<?xml version="1.0" encoding="UTF-8"?>
<!-- Generated by org.testng.reporters.JUnitXMLReporter -->
<testsuite ignored="11" hostname="OTS-LP-O-0237" failures="2" tests="2" name="WakeSmart(failed)" time="56.092" errors="0" timestamp="2023-03-30T23:09:13 IST">
  <testcase classname="com.wakesmart.testcases.LoginPageTest" name="passwordVisibilityOnDOM" time="0.492">
    <failure type="java.lang.AssertionError" message="The following asserts failed:
	Password is visible on the DOM= did not expect [invalidPW] but found [invalidPW]">
      <![CDATA[java.lang.AssertionError: The following asserts failed:
Password is visible on the DOM= did not expect [invalidPW] but found [invalidPW]
at com.wakesmart.testcases.LoginPageTest.passwordVisibilityOnDOM(LoginPageTest.java:148)
at java.base/java.util.ArrayList.forEach(ArrayList.java:1511)
... Removed 29 stack frames]]>
    </failure>
  </testcase> <!-- passwordVisibilityOnDOM -->
  <testcase classname="com.wakesmart.testcases.WSAutomationTest" name="automation" time="10.091">
    <failure type="org.openqa.selenium.NoSuchElementException" message="no such element: Unable to locate element: {&amp;quot;method&amp;quot;:&amp;quot;xpath&amp;quot;,&amp;quot;selector&amp;quot;:&amp;quot;(//ul[@class=&amp;quot;MuiList-root MuiList-padding MuiList-subheader css-19o40po&amp;quot;])/a[2]&amp;quot;}
  (Session info: chrome=111.0.5563.112)
For documentation on this error, please visit: https://selenium.dev/exceptions/#no_such_element
Build info: version: &amp;apos;4.8.3&amp;apos;, revision: &amp;apos;e5e76298c3&amp;apos;
System info: os.name: &amp;apos;Windows 10&amp;apos;, os.arch: &amp;apos;amd64&amp;apos;, os.version: &amp;apos;10.0&amp;apos;, java.version: &amp;apos;17.0.4.1&amp;apos;
Driver info: org.openqa.selenium.chrome.ChromeDriver
Command: [6f289829bd19aa0e958625301a5e5bc3, findElement {using=xpath, value=(//ul[@class=&amp;quot;MuiList-root MuiList-padding MuiList-subheader css-19o40po&amp;quot;])/a[2]}]
Capabilities {acceptInsecureCerts: false, browserName: chrome, browserVersion: 111.0.5563.112, chrome: {chromedriverVersion: 111.0.5563.64 (c710e93d5b63..., userDataDir: C:\Users\SHREYA~1\AppData\L...}, goog:chromeOptions: {debuggerAddress: localhost:62984}, networkConnectionEnabled: false, pageLoadStrategy: normal, platformName: WINDOWS, proxy: Proxy(), se:cdp: ws://localhost:62984/devtoo..., se:cdpVersion: 111.0.5563.112, setWindowRect: true, strictFileInteractability: false, timeouts: {implicit: 0, pageLoad: 300000, script: 30000}, unhandledPromptBehavior: dismiss and notify, webauthn:extension:credBlob: true, webauthn:extension:largeBlob: true, webauthn:extension:minPinLength: true, webauthn:extension:prf: true, webauthn:virtualAuthenticators: true}
Session ID: 6f289829bd19aa0e958625301a5e5bc3">
      <![CDATA[org.openqa.selenium.NoSuchElementException: no such element: Unable to locate element: {"method":"xpath","selector":"(//ul[@class="MuiList-root MuiList-padding MuiList-subheader css-19o40po"])/a[2]"}
  (Session info: chrome=111.0.5563.112)
For documentation on this error, please visit: https://selenium.dev/exceptions/#no_such_element
Build info: version: '4.8.3', revision: 'e5e76298c3'
System info: os.name: 'Windows 10', os.arch: 'amd64', os.version: '10.0', java.version: '17.0.4.1'
Driver info: org.openqa.selenium.chrome.ChromeDriver
Command: [6f289829bd19aa0e958625301a5e5bc3, findElement {using=xpath, value=(//ul[@class="MuiList-root MuiList-padding MuiList-subheader css-19o40po"])/a[2]}]
Capabilities {acceptInsecureCerts: false, browserName: chrome, browserVersion: 111.0.5563.112, chrome: {chromedriverVersion: 111.0.5563.64 (c710e93d5b63..., userDataDir: C:\Users\SHREYA~1\AppData\L...}, goog:chromeOptions: {debuggerAddress: localhost:62984}, networkConnectionEnabled: false, pageLoadStrategy: normal, platformName: WINDOWS, proxy: Proxy(), se:cdp: ws://localhost:62984/devtoo..., se:cdpVersion: 111.0.5563.112, setWindowRect: true, strictFileInteractability: false, timeouts: {implicit: 0, pageLoad: 300000, script: 30000}, unhandledPromptBehavior: dismiss and notify, webauthn:extension:credBlob: true, webauthn:extension:largeBlob: true, webauthn:extension:minPinLength: true, webauthn:extension:prf: true, webauthn:virtualAuthenticators: true}
Session ID: 6f289829bd19aa0e958625301a5e5bc3
at org.openqa.selenium.remote.codec.w3c.W3CHttpResponseCodec.createException(W3CHttpResponseCodec.java:200)
at org.openqa.selenium.remote.codec.w3c.W3CHttpResponseCodec.decode(W3CHttpResponseCodec.java:133)
at org.openqa.selenium.remote.codec.w3c.W3CHttpResponseCodec.decode(W3CHttpResponseCodec.java:53)
at org.openqa.selenium.remote.HttpCommandExecutor.execute(HttpCommandExecutor.java:193)
at org.openqa.selenium.remote.service.DriverCommandExecutor.invokeExecute(DriverCommandExecutor.java:183)
at org.openqa.selenium.remote.service.DriverCommandExecutor.execute(DriverCommandExecutor.java:158)
at org.openqa.selenium.remote.RemoteWebDriver.execute(RemoteWebDriver.java:543)
at org.openqa.selenium.remote.ElementLocation$ElementFinder$2.findElement(ElementLocation.java:162)
at org.openqa.selenium.remote.ElementLocation.findElement(ElementLocation.java:60)
at org.openqa.selenium.remote.RemoteWebDriver.findElement(RemoteWebDriver.java:352)
at org.openqa.selenium.remote.RemoteWebDriver.findElement(RemoteWebDriver.java:344)
at com.wakesmart.pageObjects.WSAutomationPage.getAutomationTab(WSAutomationPage.java:21)
at com.wakesmart.testcases.WSAutomationTest.automation(WSAutomationTest.java:66)
at java.base/java.util.ArrayList.forEach(ArrayList.java:1511)
... Removed 32 stack frames]]>
    </failure>
  </testcase> <!-- automation -->
  <testcase classname="com.wakesmart.testcases.LoginPageTest" name="URLVerification" time="0.0">
    <ignored/>
  </testcase> <!-- URLVerification -->
  <testcase classname="com.wakesmart.testcases.LoginPageTest" name="invalidUserName_ValidPasswordLogin" time="0.0">
    <ignored/>
  </testcase> <!-- invalidUserName_ValidPasswordLogin -->
  <testcase classname="com.wakesmart.testcases.LoginPageTest" name="validUserName_InvalidPasswordLogin" time="0.0">
    <ignored/>
  </testcase> <!-- validUserName_InvalidPasswordLogin -->
  <testcase classname="com.wakesmart.testcases.LoginPageTest" name="colorOfForm" time="0.0">
    <ignored/>
  </testcase> <!-- colorOfForm -->
  <testcase classname="com.wakesmart.testcases.LoginPageTest" name="getTitle" time="0.0">
    <ignored/>
  </testcase> <!-- getTitle -->
  <testcase classname="com.wakesmart.testcases.WSAutomationTest" name="validUserLogin" time="0.0">
    <ignored/>
  </testcase> <!-- validUserLogin -->
  <testcase classname="com.wakesmart.testcases.LoginPageTest" name="colorOfLoginButton" time="0.0">
    <ignored/>
  </testcase> <!-- colorOfLoginButton -->
  <testcase classname="com.wakesmart.testcases.LoginPageTest" name="validUserLogin" time="0.0">
    <ignored/>
  </testcase> <!-- validUserLogin -->
  <testcase classname="com.wakesmart.testcases.LoginPageTest" name="userLogout" time="0.0">
    <ignored/>
  </testcase> <!-- userLogout -->
  <testcase classname="com.wakesmart.testcases.LoginPageTest" name="inValidUserName_InvalidPasswordLogin" time="0.0">
    <ignored/>
  </testcase> <!-- inValidUserName_InvalidPasswordLogin -->
  <testcase classname="com.wakesmart.testcases.LoginPageTest" name="empty_Credential_Login" time="0.0">
    <ignored/>
  </testcase> <!-- empty_Credential_Login -->
</testsuite> <!-- WakeSmart(failed) -->
